0 info it worked if it ends with ok
1 verbose cli [ '/usr/local/bin/node', '/usr/local/bin/npm', 'publish' ]
2 info using npm@4.0.2
3 info using node@v4.4.2
4 verbose publish [ '.' ]
5 silly cache add args [ '.', null ]
6 verbose cache add spec .
7 silly cache add parsed spec Result {
7 silly cache add   raw: '.',
7 silly cache add   scope: null,
7 silly cache add   escapedName: null,
7 silly cache add   name: null,
7 silly cache add   rawSpec: '.',
7 silly cache add   spec: '/Users/romaindiegoni/Documents/Root/Projects/GulpMainNpmFiles',
7 silly cache add   type: 'directory' }
8 verbose addLocalDirectory /Users/romaindiegoni/.npm/gulp-main-npm-files/1.0.3/package.tgz not in flight; packing
9 verbose correctMkdir /Users/romaindiegoni/.npm correctMkdir not in flight; initializing
10 info lifecycle gulp-main-npm-files@1.0.3~prepublish: gulp-main-npm-files@1.0.3
11 silly lifecycle gulp-main-npm-files@1.0.3~prepublish: no script for prepublish, continuing
12 info lifecycle gulp-main-npm-files@1.0.3~prepare: gulp-main-npm-files@1.0.3
13 silly lifecycle gulp-main-npm-files@1.0.3~prepare: no script for prepare, continuing
14 verbose tar pack [ '/Users/romaindiegoni/.npm/gulp-main-npm-files/1.0.3/package.tgz',
14 verbose tar pack   '/Users/romaindiegoni/Documents/Root/Projects/GulpMainNpmFiles' ]
15 verbose tarball /Users/romaindiegoni/.npm/gulp-main-npm-files/1.0.3/package.tgz
16 verbose folder /Users/romaindiegoni/Documents/Root/Projects/GulpMainNpmFiles
17 verbose addLocalTarball adding from inside cache /Users/romaindiegoni/.npm/gulp-main-npm-files/1.0.3/package.tgz
18 verbose correctMkdir /Users/romaindiegoni/.npm correctMkdir not in flight; initializing
19 silly cache afterAdd gulp-main-npm-files@1.0.3
20 verbose afterAdd /Users/romaindiegoni/.npm/gulp-main-npm-files/1.0.3/package/package.json not in flight; writing
21 verbose correctMkdir /Users/romaindiegoni/.npm correctMkdir not in flight; initializing
22 verbose afterAdd /Users/romaindiegoni/.npm/gulp-main-npm-files/1.0.3/package/package.json written
23 silly publish { name: 'gulp-main-npm-files',
23 silly publish   version: '1.0.3',
23 silly publish   description: 'Get main files from your installed npm packages.',
23 silly publish   main: 'index.js',
23 silly publish   scripts: { test: 'mocha --reporter spec' },
23 silly publish   author: { name: 'Romain Diegoni' },
23 silly publish   license: 'MIT',
23 silly publish   dependencies: { 'caller-id': '0.1.0', fs: '0.0.1-security' },
23 silly publish   repository:
23 silly publish    { type: 'git',
23 silly publish      url: 'git+https://github.com/drioemgaoin/GulpMainNpmFiles.git' },
23 silly publish   bugs: { url: 'https://github.com/drioemgaoin/GulpMainNpmFiles/issues' },
23 silly publish   devDependencies:
23 silly publish    { mocha: '3.2.0',
23 silly publish      path: '0.12.7',
23 silly publish      should: '11.1.1',
23 silly publish      winston: 'git://github.com/flatiron/winston.git#master' },
23 silly publish   readme: '## Installation\nTo install this module, you need to run the following command\n\n```Javascript\n$ npm install gulp-main-npm-files\n```\n\n## Usage\n\n```Javascript\nvar mainNpmFiles = require(\'gulp-main-npm-files\');\nvar files = mainNpmFiles([[filter, ]options][, callback]);\n```\n\nThis will read your package.json, iterate through your dependencies and returns an array of files defined in the main property of the packages package.json.\n\n## Usage with gulp\n\n```Javascript\nvar gulp = require(\'gulp\');\nvar mainNpmFiles = require(\'gulp-main-npm-files\');\n\ngulp.task(\'TASKNAME\', function() {\n    return gulp.src(mainNpmFiles())\n        .pipe(/* what you want to do with the files */)\n});\n```\n\n## Options\nThe module accepts the following options:\n- **nodeModulesPath**: path to your node_modules. By default, it is ./node_modules that means this directory is at your project\'s root.\n\n```Javascript\nvar mainNpmFiles = require(\'gulp-main-npm-files\');\n\n// Copy dependencies from ./node_modules to build/node_modules/\ngulp.task(\'copyNpmDependencies\', function() {\n  gulp.src(mainNpmFiles(), { base:\'./\' })\n    .pipe(gulp.dest(\'./build\'));\n});\n```\n\n```Javascript\nvar mainNpmFiles = require(\'gulp-main-npm-files\');\n\n// Copy dependencies from ./path/node_modules to build/node_modules/\ngulp.task(\'copyNpmDependencies\', function() {\n  gulp.src(mainNpmFiles({ nodeModulesPath: "./path/node_modules" }), { base:\'./\' })\n    .pipe(gulp.dest(\'./build\'));\n});\n```\n\n- **packageJsonPath**: path to you package.json file. By default, it is ./package.json that means this file is at your project\'s root with the default name.\n\n```Javascript\nvar mainNpmFiles = require(\'gulp-main-npm-files\');\n\n// Copy dependencies present in ./package.jon to build/node_modules/\ngulp.task(\'copyNpmDependencies\', function() {\n  gulp.src(mainNpmFiles(), { base:\'./\' })\n    .pipe(gulp.dest(\'./build\'));\n});\n```\n\n```Javascript\nvar mainNpmFiles = require(\'gulp-main-npm-files\');\n\n// Copy dependencies present in ./path/package.json to build/node_modules/\ngulp.task(\'copyNpmDependencies\', function() {\n  gulp.src(mainNpmFiles({ packageJsonPath: "path/package.json" }), { base:\'./\' })\n    .pipe(gulp.dest(\'./build\'));\n});\n```\n\n- **devDependencies**: true if you want to take account the dev dependencies, false otherwise. The default value is false.\n\n```Javascript\nvar mainNpmFiles = require(\'gulp-main-npm-files\');\n\n// Copy dependencies to build/node_modules/\ngulp.task(\'copyNpmDependencies\', function() {\n  gulp.src(mainNpmFiles(), { base:\'./\' })\n    .pipe(gulp.dest(\'./build\'));\n});\n```\n\n```Javascript\nvar mainNpmFiles = require(\'gulp-main-npm-files\');\n\n// Copy dev dependencies and dependencies to build/node_modules/\ngulp.task(\'copyNpmDependencies\', function() {\n  gulp.src(mainNpmFiles({ devDependencies: true }), { base:\'./\' })\n    .pipe(gulp.dest(\'./build\'));\n});\n```\n\n## Comments\nDon\'t hesitate to send me any recommendations, suggestions about this project. I really want to have some returns about does it work well, does it match user expectation, etc.\n\nYou can send me any issues you want or contact me to my github email and put the repository name in the subject.\n',
23 silly publish   readmeFilename: 'Readme.md',
23 silly publish   gitHead: '0859a56d21c0585b09c9faddbe072a3cd9685369',
23 silly publish   homepage: 'https://github.com/drioemgaoin/GulpMainNpmFiles#readme',
23 silly publish   _id: 'gulp-main-npm-files@1.0.3',
23 silly publish   _shasum: 'f3eb39117b1bc8e3d7a6b8c87372e40b644840ff',
23 silly publish   _from: '.' }
24 info lifecycle gulp-main-npm-files@1.0.3~prepublishOnly: gulp-main-npm-files@1.0.3
25 silly lifecycle gulp-main-npm-files@1.0.3~prepublishOnly: no script for prepublishOnly, continuing
26 verbose getPublishConfig undefined
27 silly mapToRegistry name gulp-main-npm-files
28 silly mapToRegistry using default registry
29 silly mapToRegistry registry https://registry.npmjs.org/
30 silly mapToRegistry data Result {
30 silly mapToRegistry   raw: 'gulp-main-npm-files',
30 silly mapToRegistry   scope: null,
30 silly mapToRegistry   escapedName: 'gulp-main-npm-files',
30 silly mapToRegistry   name: 'gulp-main-npm-files',
30 silly mapToRegistry   rawSpec: '',
30 silly mapToRegistry   spec: 'latest',
30 silly mapToRegistry   type: 'tag' }
31 silly mapToRegistry uri https://registry.npmjs.org/gulp-main-npm-files
32 verbose publish registryBase https://registry.npmjs.org/
33 silly publish uploading /Users/romaindiegoni/.npm/gulp-main-npm-files/1.0.3/package.tgz
34 verbose request uri https://registry.npmjs.org/gulp-main-npm-files
35 verbose request sending authorization for write operation
36 info attempt registry request try #1 at 17:07:35
37 verbose request using bearer token for auth
38 verbose request id af7618cd39c871ed
39 http request PUT https://registry.npmjs.org/gulp-main-npm-files
40 http 403 https://registry.npmjs.org/gulp-main-npm-files
41 verbose headers { 'content-type': 'application/json',
41 verbose headers   'cache-control': 'max-age=300',
41 verbose headers   'content-length': '95',
41 verbose headers   'accept-ranges': 'bytes',
41 verbose headers   date: 'Thu, 08 Dec 2016 17:07:36 GMT',
41 verbose headers   via: '1.1 varnish',
41 verbose headers   connection: 'keep-alive',
41 verbose headers   'x-served-by': 'cache-lhr6330-LHR',
41 verbose headers   'x-cache': 'MISS',
41 verbose headers   'x-cache-hits': '0',
41 verbose headers   'x-timer': 'S1481216855.484212,VS0,VE805',
41 verbose headers   vary: 'Accept-Encoding' }
42 verbose request invalidating /Users/romaindiegoni/.npm/registry.npmjs.org/gulp-main-npm-files on PUT
43 error publish Failed PUT 403
44 verbose stack Error: "You cannot publish over the previously published version 1.0.3." : gulp-main-npm-files
44 verbose stack     at makeError (/usr/local/lib/node_modules/npm/node_modules/npm-registry-client/lib/request.js:302:12)
44 verbose stack     at CachingRegistryClient.<anonymous> (/usr/local/lib/node_modules/npm/node_modules/npm-registry-client/lib/request.js:290:14)
44 verbose stack     at Request._callback (/usr/local/lib/node_modules/npm/node_modules/npm-registry-client/lib/request.js:210:14)
44 verbose stack     at Request.self.callback (/usr/local/lib/node_modules/npm/node_modules/request/request.js:186:22)
44 verbose stack     at emitTwo (events.js:87:13)
44 verbose stack     at Request.emit (events.js:172:7)
44 verbose stack     at Request.<anonymous> (/usr/local/lib/node_modules/npm/node_modules/request/request.js:1081:10)
44 verbose stack     at emitOne (events.js:77:13)
44 verbose stack     at Request.emit (events.js:169:7)
44 verbose stack     at IncomingMessage.<anonymous> (/usr/local/lib/node_modules/npm/node_modules/request/request.js:1001:12)
45 verbose statusCode 403
46 verbose pkgid gulp-main-npm-files
47 verbose cwd /Users/romaindiegoni/Documents/Root/Projects/GulpMainNpmFiles
48 error Darwin 15.4.0
49 error argv "/usr/local/bin/node" "/usr/local/bin/npm" "publish"
50 error node v4.4.2
51 error npm  v4.0.2
52 error code E403
53 error "You cannot publish over the previously published version 1.0.3." : gulp-main-npm-files
54 error If you need help, you may report this error at:
54 error     <https://github.com/npm/npm/issues>
55 verbose exit [ 1, true ]
